<?xml version="1.0" encoding="UTF-8"?>
<testsuites name="Login Positive Case Facebook" time="48.569" tests="2" failures="0" errors="0">
   <testsuite name="Login Positive Case Facebook" tests="2" failures="0" errors="0" time="48.569" skipped="0" timestamp="2023-01-05 13:24:19" hostname="Galang S - DESKTOP-D94OJ1M" id="Test Suites/Login Positive Case Facebook">
      <properties>
         <property name="deviceName" value=""/>
         <property name="devicePlatform" value=""/>
         <property name="logFolder" value="C:\\Users\\Galang S\\git\\Test-Automation-DOT\\Reports\\20230105_132415\\Login Positive Case Facebook\\20230105_132416"/>
         <property name="logFiles" value="C:\\Users\\Galang S\\git\\Test-Automation-DOT\\Reports\\20230105_132415\\Login Positive Case Facebook\\20230105_132416\\execution0.log"/>
         <property name="attachments" value="C:\\Users\\Galang S\\git\\Test-Automation-DOT\\Reports\\20230105_132415\\Login Positive Case Facebook\\20230105_132416\\1672899869219.png, C:\\Users\\Galang S\\git\\Test-Automation-DOT\\Reports\\20230105_132415\\Login Positive Case Facebook\\20230105_132416\\1672899874211.png"/>
         <property name="hostName" value="Galang S - DESKTOP-D94OJ1M"/>
         <property name="os" value="Windows 10 64bit"/>
         <property name="katalonVersion" value="8.5.5.208"/>
         <property name="browser" value="Chrome 108.0.0.0"/>
         <property name="hostAddress" value="192.168.1.15"/>
         <property name="sessionId" value="c0e9dfca3d5bb9e770e4bd5959ddd06c"/>
         <property name="seleniumVersion" value="3.141.59"/>
         <property name="proxyInformation" value="ProxyInformation { proxyOption=NO_PROXY, proxyServerType=HTTP, username=, password=********, proxyServerAddress=, proxyServerPort=0, executionList=&quot;&quot;, isApplyToDesiredCapabilities=true }"/>
         <property name="platform" value="Windows 10"/>
      </properties>
      <testcase name="Test Cases/Go to Facebook" time="4.114" classname="Test Cases/Go to Facebook" status="PASSED">
         <system-out><![CDATA[2023-01-05 13:24:19 - [TEST_CASE][PASSED] - Test Cases/Go to Facebook: Test Cases/Go to Facebook

2023-01-05 13:24:19 - [TEST_STEP][PASSED] - openBrowser(""): Browser is opened with url: ''

2023-01-05 13:24:20 - [MESSAGE][INFO] - Starting 'Chrome' driver

2023-01-05 13:24:20 - [MESSAGE][INFO] - Action delay is set to 0 milliseconds

2023-01-05 13:24:21 - [MESSAGE][PASSED] - Browser is opened with url: ''

2023-01-05 13:24:21 - [TEST_STEP][PASSED] - navigateToUrl("https://www.facebook.com/"): Navigate to 'https://www.facebook.com/' successfully

2023-01-05 13:24:23 - [MESSAGE][PASSED] - Navigate to 'https://www.facebook.com/' successfully

2023-01-05 13:24:23 - [TEST_STEP][PASSED] - maximizeWindow(): Current window maximized

2023-01-05 13:24:23 - [MESSAGE][PASSED] - Current window maximized]]></system-out>
         <system-err><![CDATA[]]></system-err>
      </testcase>
      <testcase name="Test Cases/Login/Login Success" time="44.181" classname="Test Cases/Login/Login Success" status="PASSED">
         <system-out><![CDATA[2023-01-05 13:24:23 - [TEST_CASE][PASSED] - Test Cases/Login/Login Success: Test Cases/Login/Login Success

2023-01-05 13:24:23 - [TEST_STEP][PASSED] - focus(findTestObject("Page Login Facebook/Input Email")): Object: 'Object Repository/Page Login Facebook/Input Email' is focused

2023-01-05 13:24:24 - [MESSAGE][PASSED] - Object: 'Object Repository/Page Login Facebook/Input Email' is focused

2023-01-05 13:24:24 - [TEST_STEP][PASSED] - click(findTestObject("Page Login Facebook/Input Email")): Object: 'Object Repository/Page Login Facebook/Input Email' is clicked on

2023-01-05 13:24:24 - [MESSAGE][PASSED] - Object: 'Object Repository/Page Login Facebook/Input Email' is clicked on

2023-01-05 13:24:24 - [TEST_STEP][PASSED] - setText(findTestObject("Page Login Facebook/Input Email"), email): Text 'galangswibawa@yahoo.co.id' is set on object 'Object Repository/Page Login Facebook/Input Email'

2023-01-05 13:24:25 - [MESSAGE][PASSED] - Text 'galangswibawa@yahoo.co.id' is set on object 'Object Repository/Page Login Facebook/Input Email'

2023-01-05 13:24:25 - [TEST_STEP][PASSED] - delay(3): Delayed 3 second(s)

2023-01-05 13:24:28 - [MESSAGE][PASSED] - Delayed 3 second(s)

2023-01-05 13:24:28 - [TEST_STEP][PASSED] - takeScreenshot(): Taking screenshot successfully

2023-01-05 13:24:29 - [MESSAGE][PASSED] - Taking screenshot successfully
[[ATTACHMENT|C:\\Users\\Galang S\\git\\Test-Automation-DOT\\Reports\\20230105_132415\\Login Positive Case Facebook\\20230105_132416\\1672899869219.png]]

2023-01-05 13:24:29 - [TEST_STEP][PASSED] - focus(findTestObject("Page Login Facebook/Input Password")): Object: 'Object Repository/Page Login Facebook/Input Password' is focused

2023-01-05 13:24:29 - [MESSAGE][PASSED] - Object: 'Object Repository/Page Login Facebook/Input Password' is focused

2023-01-05 13:24:29 - [TEST_STEP][PASSED] - click(findTestObject("Page Login Facebook/Input Password")): Object: 'Object Repository/Page Login Facebook/Input Password' is clicked on

2023-01-05 13:24:30 - [MESSAGE][PASSED] - Object: 'Object Repository/Page Login Facebook/Input Password' is clicked on

2023-01-05 13:24:30 - [TEST_STEP][PASSED] - setText(findTestObject("Page Login Facebook/Input Password"), password): Text 'Rama.1234' is set on object 'Object Repository/Page Login Facebook/Input Password'

2023-01-05 13:24:30 - [MESSAGE][PASSED] - Text 'Rama.1234' is set on object 'Object Repository/Page Login Facebook/Input Password'

2023-01-05 13:24:30 - [TEST_STEP][PASSED] - delay(3): Delayed 3 second(s)

2023-01-05 13:24:33 - [MESSAGE][PASSED] - Delayed 3 second(s)

2023-01-05 13:24:33 - [TEST_STEP][PASSED] - takeScreenshot(): Taking screenshot successfully

2023-01-05 13:24:34 - [MESSAGE][PASSED] - Taking screenshot successfully
[[ATTACHMENT|C:\\Users\\Galang S\\git\\Test-Automation-DOT\\Reports\\20230105_132415\\Login Positive Case Facebook\\20230105_132416\\1672899874211.png]]

2023-01-05 13:24:34 - [TEST_STEP][PASSED] - click(findTestObject("Page Login Facebook/Button Login")): Object: 'Object Repository/Page Login Facebook/Button Login' is clicked on

2023-01-05 13:25:05 - [MESSAGE][INFO] - Unable to find the element located by 'By.xpath: //button[@id='u_0_b_F7']'. Please recheck the objects properties to make sure the desired element is located. 

2023-01-05 13:25:05 - [MESSAGE][WARNING] - [SELF-HEALING] Failed to find element with id 'Object Repository/Page Login Facebook/Button Login'. Try using Self-healing.

2023-01-05 13:25:05 - [MESSAGE][INFO] - [SELF-HEALING] Failed Locator: '//button[@id='u_0_b_F7']'.

2023-01-05 13:25:06 - [MESSAGE][INFO] - [SELF-HEALING] Failed Locator: '//form[@id='u_0_8_ln']/div[2]/button'.

2023-01-05 13:25:06 - [MESSAGE][INFO] - [SELF-HEALING] Failed Locator: '(.//*[normalize-space(text()) and normalize-space(.)='Add Account'])[1]/following::button[1]'.

2023-01-05 13:25:07 - [MESSAGE][INFO] - [SELF-HEALING] Failed Locator: '(.//*[normalize-space(text()) and normalize-space(.)='Dimas'])[1]/following::button[1]'.

2023-01-05 13:25:07 - [MESSAGE][INFO] - [SELF-HEALING] Working Locator: '(.//*[normalize-space(text()) and normalize-space(.)='Forgotten password?'])[1]/preceding::button[1]'.

2023-01-05 13:25:07 - [MESSAGE][INFO] - [SELF-HEALING] Screenshot: C:/Users/Galang S/git/Test-Automation-DOT/Reports/Self-healing/Object Repository/Page Login Facebook/Button Login_neighbor.png

2023-01-05 13:25:07 - [MESSAGE][WARNING] - [SELF-HEALING] The current locator of test object 'Object Repository/Page Login Facebook/Button Login' was broken. Propose an alternative one: '(.//*[normalize-space(text()) and normalize-space(.)='Forgotten password?'])[1]/preceding::button[1]'.

2023-01-05 13:25:07 - [MESSAGE][PASSED] - Object: 'Object Repository/Page Login Facebook/Button Login' is clicked on]]></system-out>
         <system-err><![CDATA[]]></system-err>
      </testcase>
      <system-out><![CDATA[2023-01-05 13:24:19 - [TEST_SUITE][PASSED] - Login Positive Case Facebook: Test Cases/Login/Login Success]]></system-out>
      <system-err><![CDATA[]]></system-err>
   </testsuite>
</testsuites>
