<?xml version="1.0" encoding="UTF-8"?>
<testsuites name="Login Negativce Case Facebook" time="22.99" tests="2" failures="0" errors="0">
   <testsuite name="Login Negativce Case Facebook" tests="2" failures="0" errors="0" time="22.99" skipped="0" timestamp="2023-01-05 15:50:01" hostname="Galang S - DESKTOP-D94OJ1M" id="Test Suites/Login Facebook/Login Negativce Case Facebook">
      <properties>
         <property name="deviceName" value=""/>
         <property name="devicePlatform" value=""/>
         <property name="logFolder" value="C:\\Users\\Galang S\\git\\Test-Automation-DOT\\Reports\\20230105_154955\\Login Facebook\\Login Negativce Case Facebook\\20230105_154956"/>
         <property name="logFiles" value="C:\\Users\\Galang S\\git\\Test-Automation-DOT\\Reports\\20230105_154955\\Login Facebook\\Login Negativce Case Facebook\\20230105_154956\\execution0.log"/>
         <property name="attachments" value="C:\\Users\\Galang S\\git\\Test-Automation-DOT\\Reports\\20230105_154955\\Login Facebook\\Login Negativce Case Facebook\\20230105_154956\\1672908612677.png, C:\\Users\\Galang S\\git\\Test-Automation-DOT\\Reports\\20230105_154955\\Login Facebook\\Login Negativce Case Facebook\\20230105_154956\\1672908618050.png, C:\\Users\\Galang S\\git\\Test-Automation-DOT\\Reports\\20230105_154955\\Login Facebook\\Login Negativce Case Facebook\\20230105_154956\\1672908624845.png"/>
         <property name="hostName" value="Galang S - DESKTOP-D94OJ1M"/>
         <property name="os" value="Windows 10 64bit"/>
         <property name="katalonVersion" value="8.5.5.208"/>
         <property name="browser" value="Chrome 108.0.0.0"/>
         <property name="hostAddress" value="192.168.1.15"/>
         <property name="sessionId" value="869f739bcf348bb094b24ab6f3ad99bc"/>
         <property name="seleniumVersion" value="3.141.59"/>
         <property name="proxyInformation" value="ProxyInformation { proxyOption=NO_PROXY, proxyServerType=HTTP, username=, password=********, proxyServerAddress=, proxyServerPort=0, executionList=&quot;&quot;, isApplyToDesiredCapabilities=true }"/>
         <property name="platform" value="Windows 10"/>
      </properties>
      <testcase name="Test Cases/Go to Facebook" time="4.863" classname="Test Cases/Go to Facebook" status="PASSED">
         <system-out><![CDATA[2023-01-05 15:50:02 - [TEST_CASE][PASSED] - Test Cases/Go to Facebook: Test Cases/Go to Facebook

2023-01-05 15:50:02 - [TEST_STEP][PASSED] - openBrowser(""): Browser is opened with url: ''

2023-01-05 15:50:02 - [MESSAGE][INFO] - Starting 'Chrome' driver

2023-01-05 15:50:02 - [MESSAGE][INFO] - Action delay is set to 0 milliseconds

2023-01-05 15:50:04 - [MESSAGE][PASSED] - Browser is opened with url: ''

2023-01-05 15:50:04 - [TEST_STEP][PASSED] - navigateToUrl(url): Navigate to 'https://www.facebook.com/' successfully

2023-01-05 15:50:06 - [MESSAGE][PASSED] - Navigate to 'https://www.facebook.com/' successfully

2023-01-05 15:50:06 - [TEST_STEP][PASSED] - maximizeWindow(): Current window maximized

2023-01-05 15:50:07 - [MESSAGE][PASSED] - Current window maximized]]></system-out>
         <system-err><![CDATA[]]></system-err>
      </testcase>
      <testcase name="Test Cases/Login/Login Failed" time="17.876" classname="Test Cases/Login/Login Failed" status="PASSED">
         <system-out><![CDATA[2023-01-05 15:50:07 - [TEST_CASE][PASSED] - Test Cases/Login/Login Failed: Test Cases/Login/Login Failed

2023-01-05 15:50:07 - [TEST_STEP][PASSED] - focus(findTestObject("Page Login Facebook/Input Email")): Object: 'Object Repository/Page Login Facebook/Input Email' is focused

2023-01-05 15:50:07 - [MESSAGE][PASSED] - Object: 'Object Repository/Page Login Facebook/Input Email' is focused

2023-01-05 15:50:07 - [TEST_STEP][PASSED] - click(findTestObject("Page Login Facebook/Input Email")): Object: 'Object Repository/Page Login Facebook/Input Email' is clicked on

2023-01-05 15:50:08 - [MESSAGE][PASSED] - Object: 'Object Repository/Page Login Facebook/Input Email' is clicked on

2023-01-05 15:50:08 - [TEST_STEP][PASSED] - setText(findTestObject("Page Login Facebook/Input Email"), email): Text 'galangswibawa@yahoo.co.id' is set on object 'Object Repository/Page Login Facebook/Input Email'

2023-01-05 15:50:09 - [MESSAGE][PASSED] - Text 'galangswibawa@yahoo.co.id' is set on object 'Object Repository/Page Login Facebook/Input Email'

2023-01-05 15:50:09 - [TEST_STEP][PASSED] - delay(delaySlow): Delayed 3 second(s)

2023-01-05 15:50:12 - [MESSAGE][PASSED] - Delayed 3 second(s)

2023-01-05 15:50:12 - [TEST_STEP][PASSED] - takeScreenshot(): Taking screenshot successfully

2023-01-05 15:50:12 - [MESSAGE][PASSED] - Taking screenshot successfully
[[ATTACHMENT|C:\\Users\\Galang S\\git\\Test-Automation-DOT\\Reports\\20230105_154955\\Login Facebook\\Login Negativce Case Facebook\\20230105_154956\\1672908612677.png]]

2023-01-05 15:50:12 - [TEST_STEP][PASSED] - focus(findTestObject("Page Login Facebook/Input Password")): Object: 'Object Repository/Page Login Facebook/Input Password' is focused

2023-01-05 15:50:13 - [MESSAGE][PASSED] - Object: 'Object Repository/Page Login Facebook/Input Password' is focused

2023-01-05 15:50:13 - [TEST_STEP][PASSED] - click(findTestObject("Page Login Facebook/Input Password")): Object: 'Object Repository/Page Login Facebook/Input Password' is clicked on

2023-01-05 15:50:13 - [MESSAGE][PASSED] - Object: 'Object Repository/Page Login Facebook/Input Password' is clicked on

2023-01-05 15:50:13 - [TEST_STEP][PASSED] - setText(findTestObject("Page Login Facebook/Input Password"), password): Text 'Rama.1235' is set on object 'Object Repository/Page Login Facebook/Input Password'

2023-01-05 15:50:14 - [MESSAGE][PASSED] - Text 'Rama.1235' is set on object 'Object Repository/Page Login Facebook/Input Password'

2023-01-05 15:50:14 - [TEST_STEP][PASSED] - click(findTestObject("Page Login Facebook/Show Password")): Object: 'Object Repository/Page Login Facebook/Show Password' is clicked on

2023-01-05 15:50:14 - [MESSAGE][PASSED] - Object: 'Object Repository/Page Login Facebook/Show Password' is clicked on

2023-01-05 15:50:14 - [TEST_STEP][PASSED] - delay(delaySlow): Delayed 3 second(s)

2023-01-05 15:50:17 - [MESSAGE][PASSED] - Delayed 3 second(s)

2023-01-05 15:50:17 - [TEST_STEP][PASSED] - takeScreenshot(): Taking screenshot successfully

2023-01-05 15:50:18 - [MESSAGE][PASSED] - Taking screenshot successfully
[[ATTACHMENT|C:\\Users\\Galang S\\git\\Test-Automation-DOT\\Reports\\20230105_154955\\Login Facebook\\Login Negativce Case Facebook\\20230105_154956\\1672908618050.png]]

2023-01-05 15:50:18 - [TEST_STEP][PASSED] - click(findTestObject("Page Login Facebook/Button Login")): Object: 'Object Repository/Page Login Facebook/Button Login' is clicked on

2023-01-05 15:50:18 - [MESSAGE][PASSED] - Object: 'Object Repository/Page Login Facebook/Button Login' is clicked on

2023-01-05 15:50:18 - [TEST_STEP][PASSED] - delay(delaySlow): Delayed 3 second(s)

2023-01-05 15:50:21 - [MESSAGE][PASSED] - Delayed 3 second(s)

2023-01-05 15:50:21 - [TEST_STEP][PASSED] - verifyElementVisible(findTestObject("Page Login Facebook/Alert Password Incorrect")): Object 'Object Repository/Page Login Facebook/Alert Password Incorrect' is visible

2023-01-05 15:50:24 - [MESSAGE][PASSED] - Object 'Object Repository/Page Login Facebook/Alert Password Incorrect' is visible

2023-01-05 15:50:24 - [TEST_STEP][PASSED] - takeScreenshot(): Taking screenshot successfully

2023-01-05 15:50:24 - [MESSAGE][PASSED] - Taking screenshot successfully
[[ATTACHMENT|C:\\Users\\Galang S\\git\\Test-Automation-DOT\\Reports\\20230105_154955\\Login Facebook\\Login Negativce Case Facebook\\20230105_154956\\1672908624845.png]]]]></system-out>
         <system-err><![CDATA[]]></system-err>
      </testcase>
      <system-out><![CDATA[2023-01-05 15:50:01 - [TEST_SUITE][PASSED] - Login Negativce Case Facebook: Test Cases/Login/Login Failed]]></system-out>
      <system-err><![CDATA[]]></system-err>
   </testsuite>
</testsuites>
