<?xml version="1.0" encoding="UTF-8"?>
<testsuites name="Login Positive Case Facebook" time="24.526" tests="2" failures="0" errors="0">
   <testsuite name="Login Positive Case Facebook" tests="2" failures="0" errors="0" time="24.526" skipped="0" timestamp="2023-01-05 13:44:35" hostname="Galang S - DESKTOP-D94OJ1M" id="Test Suites/Login Positive Case Facebook">
      <properties>
         <property name="deviceName" value=""/>
         <property name="devicePlatform" value=""/>
         <property name="logFolder" value="C:\\Users\\Galang S\\git\\Test-Automation-DOT\\Reports\\20230105_134431\\Login Positive Case Facebook\\20230105_134432"/>
         <property name="logFiles" value="C:\\Users\\Galang S\\git\\Test-Automation-DOT\\Reports\\20230105_134431\\Login Positive Case Facebook\\20230105_134432\\execution0.log"/>
         <property name="attachments" value="C:\\Users\\Galang S\\git\\Test-Automation-DOT\\Reports\\20230105_134431\\Login Positive Case Facebook\\20230105_134432\\1672901085217.png, C:\\Users\\Galang S\\git\\Test-Automation-DOT\\Reports\\20230105_134431\\Login Positive Case Facebook\\20230105_134432\\1672901090922.png, C:\\Users\\Galang S\\git\\Test-Automation-DOT\\Reports\\20230105_134431\\Login Positive Case Facebook\\20230105_134432\\1672901099485.png"/>
         <property name="hostName" value="Galang S - DESKTOP-D94OJ1M"/>
         <property name="os" value="Windows 10 64bit"/>
         <property name="katalonVersion" value="8.5.5.208"/>
         <property name="browser" value="Chrome 108.0.0.0"/>
         <property name="hostAddress" value="192.168.1.15"/>
         <property name="sessionId" value="5a6ff4b2044342bf4ce99b3c0edee621"/>
         <property name="seleniumVersion" value="3.141.59"/>
         <property name="proxyInformation" value="ProxyInformation { proxyOption=NO_PROXY, proxyServerType=HTTP, username=, password=********, proxyServerAddress=, proxyServerPort=0, executionList=&quot;&quot;, isApplyToDesiredCapabilities=true }"/>
         <property name="platform" value="Windows 10"/>
      </properties>
      <testcase name="Test Cases/Go to Facebook" time="4.001" classname="Test Cases/Go to Facebook" status="PASSED">
         <system-out><![CDATA[2023-01-05 13:44:35 - [TEST_CASE][PASSED] - Test Cases/Go to Facebook: Test Cases/Go to Facebook

2023-01-05 13:44:35 - [TEST_STEP][PASSED] - openBrowser(""): Browser is opened with url: ''

2023-01-05 13:44:36 - [MESSAGE][INFO] - Starting 'Chrome' driver

2023-01-05 13:44:36 - [MESSAGE][INFO] - Action delay is set to 0 milliseconds

2023-01-05 13:44:37 - [MESSAGE][PASSED] - Browser is opened with url: ''

2023-01-05 13:44:37 - [TEST_STEP][PASSED] - navigateToUrl("https://www.facebook.com/"): Navigate to 'https://www.facebook.com/' successfully

2023-01-05 13:44:39 - [MESSAGE][PASSED] - Navigate to 'https://www.facebook.com/' successfully

2023-01-05 13:44:39 - [TEST_STEP][PASSED] - maximizeWindow(): Current window maximized

2023-01-05 13:44:39 - [MESSAGE][PASSED] - Current window maximized]]></system-out>
         <system-err><![CDATA[]]></system-err>
      </testcase>
      <testcase name="Test Cases/Login/Login Success" time="20.272" classname="Test Cases/Login/Login Success" status="PASSED">
         <system-out><![CDATA[2023-01-05 13:44:39 - [TEST_CASE][PASSED] - Test Cases/Login/Login Success: Test Cases/Login/Login Success

2023-01-05 13:44:39 - [TEST_STEP][PASSED] - focus(findTestObject("Page Login Facebook/Input Email")): Object: 'Object Repository/Page Login Facebook/Input Email' is focused

2023-01-05 13:44:40 - [MESSAGE][PASSED] - Object: 'Object Repository/Page Login Facebook/Input Email' is focused

2023-01-05 13:44:40 - [TEST_STEP][PASSED] - click(findTestObject("Page Login Facebook/Input Email")): Object: 'Object Repository/Page Login Facebook/Input Email' is clicked on

2023-01-05 13:44:40 - [MESSAGE][PASSED] - Object: 'Object Repository/Page Login Facebook/Input Email' is clicked on

2023-01-05 13:44:41 - [TEST_STEP][PASSED] - setText(findTestObject("Page Login Facebook/Input Email"), email): Text 'galangswibawa@yahoo.co.id' is set on object 'Object Repository/Page Login Facebook/Input Email'

2023-01-05 13:44:41 - [MESSAGE][PASSED] - Text 'galangswibawa@yahoo.co.id' is set on object 'Object Repository/Page Login Facebook/Input Email'

2023-01-05 13:44:41 - [TEST_STEP][PASSED] - delay(delaySlow): Delayed 3 second(s)

2023-01-05 13:44:44 - [MESSAGE][PASSED] - Delayed 3 second(s)

2023-01-05 13:44:44 - [TEST_STEP][PASSED] - takeScreenshot(): Taking screenshot successfully

2023-01-05 13:44:45 - [MESSAGE][PASSED] - Taking screenshot successfully
[[ATTACHMENT|C:\\Users\\Galang S\\git\\Test-Automation-DOT\\Reports\\20230105_134431\\Login Positive Case Facebook\\20230105_134432\\1672901085217.png]]

2023-01-05 13:44:45 - [TEST_STEP][PASSED] - focus(findTestObject("Page Login Facebook/Input Password")): Object: 'Object Repository/Page Login Facebook/Input Password' is focused

2023-01-05 13:44:45 - [MESSAGE][PASSED] - Object: 'Object Repository/Page Login Facebook/Input Password' is focused

2023-01-05 13:44:45 - [TEST_STEP][PASSED] - click(findTestObject("Page Login Facebook/Input Password")): Object: 'Object Repository/Page Login Facebook/Input Password' is clicked on

2023-01-05 13:44:46 - [MESSAGE][PASSED] - Object: 'Object Repository/Page Login Facebook/Input Password' is clicked on

2023-01-05 13:44:46 - [TEST_STEP][PASSED] - setText(findTestObject("Page Login Facebook/Input Password"), password): Text 'Rama.1234' is set on object 'Object Repository/Page Login Facebook/Input Password'

2023-01-05 13:44:47 - [MESSAGE][PASSED] - Text 'Rama.1234' is set on object 'Object Repository/Page Login Facebook/Input Password'

2023-01-05 13:44:47 - [TEST_STEP][PASSED] - click(findTestObject("Page Login Facebook/Show Password")): Object: 'Object Repository/Page Login Facebook/Show Password' is clicked on

2023-01-05 13:44:47 - [MESSAGE][PASSED] - Object: 'Object Repository/Page Login Facebook/Show Password' is clicked on

2023-01-05 13:44:47 - [TEST_STEP][PASSED] - delay(delaySlow): Delayed 3 second(s)

2023-01-05 13:44:50 - [MESSAGE][PASSED] - Delayed 3 second(s)

2023-01-05 13:44:50 - [TEST_STEP][PASSED] - takeScreenshot(): Taking screenshot successfully

2023-01-05 13:44:51 - [MESSAGE][PASSED] - Taking screenshot successfully
[[ATTACHMENT|C:\\Users\\Galang S\\git\\Test-Automation-DOT\\Reports\\20230105_134431\\Login Positive Case Facebook\\20230105_134432\\1672901090922.png]]

2023-01-05 13:44:51 - [TEST_STEP][PASSED] - click(findTestObject("Page Login Facebook/Button Login")): Object: 'Object Repository/Page Login Facebook/Button Login' is clicked on

2023-01-05 13:44:51 - [MESSAGE][PASSED] - Object: 'Object Repository/Page Login Facebook/Button Login' is clicked on

2023-01-05 13:44:51 - [TEST_STEP][PASSED] - delay(delaySlow): Delayed 3 second(s)

2023-01-05 13:44:54 - [MESSAGE][PASSED] - Delayed 3 second(s)

2023-01-05 13:44:54 - [TEST_STEP][PASSED] - takeScreenshot(): Taking screenshot successfully

2023-01-05 13:44:59 - [MESSAGE][PASSED] - Taking screenshot successfully
[[ATTACHMENT|C:\\Users\\Galang S\\git\\Test-Automation-DOT\\Reports\\20230105_134431\\Login Positive Case Facebook\\20230105_134432\\1672901099485.png]]]]></system-out>
         <system-err><![CDATA[]]></system-err>
      </testcase>
      <system-out><![CDATA[2023-01-05 13:44:35 - [TEST_SUITE][PASSED] - Login Positive Case Facebook: Test Cases/Login/Login Success]]></system-out>
      <system-err><![CDATA[]]></system-err>
   </testsuite>
</testsuites>
