<?xml version="1.0" encoding="UTF-8"?>
<testsuites name="All Case Login" time="57.004" tests="4" failures="0" errors="0">
   <testsuite name="Login Negativce Case Facebook" tests="2" failures="0" errors="0" time="25.193" skipped="0" timestamp="2023-01-05 13:49:55" hostname="Galang S - DESKTOP-D94OJ1M" id="Test Suites/Login Facebook/Login Negativce Case Facebook">
      <properties>
         <property name="deviceName" value=""/>
         <property name="devicePlatform" value=""/>
         <property name="logFolder" value="C:\\Users\\Galang S\\git\\Test-Automation-DOT\\Reports\\20230105_134948\\Login Facebook\\Login Negativce Case Facebook\\20230105_134949"/>
         <property name="logFiles" value="C:\\Users\\Galang S\\git\\Test-Automation-DOT\\Reports\\20230105_134948\\Login Facebook\\Login Negativce Case Facebook\\20230105_134949\\execution0.log"/>
         <property name="attachments" value="C:\\Users\\Galang S\\git\\Test-Automation-DOT\\Reports\\20230105_134948\\Login Facebook\\Login Negativce Case Facebook\\20230105_134949\\1672901405258.png, C:\\Users\\Galang S\\git\\Test-Automation-DOT\\Reports\\20230105_134948\\Login Facebook\\Login Negativce Case Facebook\\20230105_134949\\1672901410265.png, C:\\Users\\Galang S\\git\\Test-Automation-DOT\\Reports\\20230105_134948\\Login Facebook\\Login Negativce Case Facebook\\20230105_134949\\1672901420057.png"/>
         <property name="hostName" value="Galang S - DESKTOP-D94OJ1M"/>
         <property name="os" value="Windows 10 64bit"/>
         <property name="katalonVersion" value="8.5.5.208"/>
         <property name="browser" value="Chrome 108.0.0.0"/>
         <property name="hostAddress" value="192.168.1.15"/>
         <property name="sessionId" value="2c7a4fd0ffa67689aacaab0db5fa0afd"/>
         <property name="seleniumVersion" value="3.141.59"/>
         <property name="proxyInformation" value="ProxyInformation { proxyOption=NO_PROXY, proxyServerType=HTTP, username=, password=********, proxyServerAddress=, proxyServerPort=0, executionList=&quot;&quot;, isApplyToDesiredCapabilities=true }"/>
         <property name="platform" value="Windows 10"/>
      </properties>
      <testcase name="Test Cases/Go to Facebook" time="4.202" classname="Test Cases/Go to Facebook" status="PASSED">
         <system-out><![CDATA[2023-01-05 13:49:55 - [TEST_CASE][PASSED] - Test Cases/Go to Facebook: Test Cases/Go to Facebook

2023-01-05 13:49:55 - [TEST_STEP][PASSED] - openBrowser(""): Browser is opened with url: ''

2023-01-05 13:49:55 - [MESSAGE][INFO] - Starting 'Chrome' driver

2023-01-05 13:49:55 - [MESSAGE][INFO] - Action delay is set to 0 milliseconds

2023-01-05 13:49:57 - [MESSAGE][PASSED] - Browser is opened with url: ''

2023-01-05 13:49:57 - [TEST_STEP][PASSED] - navigateToUrl("https://www.facebook.com/"): Navigate to 'https://www.facebook.com/' successfully

2023-01-05 13:49:59 - [MESSAGE][PASSED] - Navigate to 'https://www.facebook.com/' successfully

2023-01-05 13:49:59 - [TEST_STEP][PASSED] - maximizeWindow(): Current window maximized

2023-01-05 13:49:59 - [MESSAGE][PASSED] - Current window maximized]]></system-out>
         <system-err><![CDATA[]]></system-err>
      </testcase>
      <testcase name="Test Cases/Login/Login Failed" time="20.732" classname="Test Cases/Login/Login Failed" status="PASSED">
         <system-out><![CDATA[2023-01-05 13:49:59 - [TEST_CASE][PASSED] - Test Cases/Login/Login Failed: Test Cases/Login/Login Failed

2023-01-05 13:49:59 - [TEST_STEP][PASSED] - focus(findTestObject("Page Login Facebook/Input Email")): Object: 'Object Repository/Page Login Facebook/Input Email' is focused

2023-01-05 13:50:00 - [MESSAGE][PASSED] - Object: 'Object Repository/Page Login Facebook/Input Email' is focused

2023-01-05 13:50:00 - [TEST_STEP][PASSED] - click(findTestObject("Page Login Facebook/Input Email")): Object: 'Object Repository/Page Login Facebook/Input Email' is clicked on

2023-01-05 13:50:00 - [MESSAGE][PASSED] - Object: 'Object Repository/Page Login Facebook/Input Email' is clicked on

2023-01-05 13:50:00 - [TEST_STEP][PASSED] - setText(findTestObject("Page Login Facebook/Input Email"), email): Text 'galangswibawa@yahoo.co.id' is set on object 'Object Repository/Page Login Facebook/Input Email'

2023-01-05 13:50:01 - [MESSAGE][PASSED] - Text 'galangswibawa@yahoo.co.id' is set on object 'Object Repository/Page Login Facebook/Input Email'

2023-01-05 13:50:01 - [TEST_STEP][PASSED] - delay(delaySlow): Delayed 3 second(s)

2023-01-05 13:50:04 - [MESSAGE][PASSED] - Delayed 3 second(s)

2023-01-05 13:50:04 - [TEST_STEP][PASSED] - takeScreenshot(): Taking screenshot successfully

2023-01-05 13:50:05 - [MESSAGE][PASSED] - Taking screenshot successfully
[[ATTACHMENT|C:\\Users\\Galang S\\git\\Test-Automation-DOT\\Reports\\20230105_134948\\Login Facebook\\Login Negativce Case Facebook\\20230105_134949\\1672901405258.png]]

2023-01-05 13:50:05 - [TEST_STEP][PASSED] - focus(findTestObject("Page Login Facebook/Input Password")): Object: 'Object Repository/Page Login Facebook/Input Password' is focused

2023-01-05 13:50:05 - [MESSAGE][PASSED] - Object: 'Object Repository/Page Login Facebook/Input Password' is focused

2023-01-05 13:50:05 - [TEST_STEP][PASSED] - click(findTestObject("Page Login Facebook/Input Password")): Object: 'Object Repository/Page Login Facebook/Input Password' is clicked on

2023-01-05 13:50:06 - [MESSAGE][PASSED] - Object: 'Object Repository/Page Login Facebook/Input Password' is clicked on

2023-01-05 13:50:06 - [TEST_STEP][PASSED] - setText(findTestObject("Page Login Facebook/Input Password"), password): Text 'Rama.1235' is set on object 'Object Repository/Page Login Facebook/Input Password'

2023-01-05 13:50:06 - [MESSAGE][PASSED] - Text 'Rama.1235' is set on object 'Object Repository/Page Login Facebook/Input Password'

2023-01-05 13:50:06 - [TEST_STEP][PASSED] - delay(delaySlow): Delayed 3 second(s)

2023-01-05 13:50:09 - [MESSAGE][PASSED] - Delayed 3 second(s)

2023-01-05 13:50:09 - [TEST_STEP][PASSED] - takeScreenshot(): Taking screenshot successfully

2023-01-05 13:50:10 - [MESSAGE][PASSED] - Taking screenshot successfully
[[ATTACHMENT|C:\\Users\\Galang S\\git\\Test-Automation-DOT\\Reports\\20230105_134948\\Login Facebook\\Login Negativce Case Facebook\\20230105_134949\\1672901410265.png]]

2023-01-05 13:50:10 - [TEST_STEP][PASSED] - click(findTestObject("Page Login Facebook/Button Login")): Object: 'Object Repository/Page Login Facebook/Button Login' is clicked on

2023-01-05 13:50:10 - [MESSAGE][PASSED] - Object: 'Object Repository/Page Login Facebook/Button Login' is clicked on

2023-01-05 13:50:10 - [TEST_STEP][PASSED] - delay(delaySlow): Delayed 3 second(s)

2023-01-05 13:50:13 - [MESSAGE][PASSED] - Delayed 3 second(s)

2023-01-05 13:50:13 - [TEST_STEP][PASSED] - verifyElementVisible(findTestObject("Page Login Facebook/Alert Password Incorrect")): Object 'Object Repository/Page Login Facebook/Alert Password Incorrect' is visible

2023-01-05 13:50:19 - [MESSAGE][PASSED] - Object 'Object Repository/Page Login Facebook/Alert Password Incorrect' is visible

2023-01-05 13:50:19 - [TEST_STEP][PASSED] - takeScreenshot(): Taking screenshot successfully

2023-01-05 13:50:20 - [MESSAGE][PASSED] - Taking screenshot successfully
[[ATTACHMENT|C:\\Users\\Galang S\\git\\Test-Automation-DOT\\Reports\\20230105_134948\\Login Facebook\\Login Negativce Case Facebook\\20230105_134949\\1672901420057.png]]]]></system-out>
         <system-err><![CDATA[]]></system-err>
      </testcase>
      <system-out><![CDATA[2023-01-05 13:49:55 - [TEST_SUITE][PASSED] - Login Negativce Case Facebook: Test Cases/Login/Login Failed]]></system-out>
      <system-err><![CDATA[]]></system-err>
   </testsuite>
   <testsuite name="Login Positive Case Facebook" tests="2" failures="0" errors="0" time="25.216" skipped="0" timestamp="2023-01-05 13:50:23" hostname="Galang S - DESKTOP-D94OJ1M" id="Test Suites/Login Facebook/Login Positive Case Facebook">
      <properties>
         <property name="deviceName" value=""/>
         <property name="devicePlatform" value=""/>
         <property name="logFolder" value="C:\\Users\\Galang S\\git\\Test-Automation-DOT\\Reports\\20230105_134948\\Login Facebook\\Login Positive Case Facebook\\20230105_134951"/>
         <property name="logFiles" value="C:\\Users\\Galang S\\git\\Test-Automation-DOT\\Reports\\20230105_134948\\Login Facebook\\Login Positive Case Facebook\\20230105_134951\\execution0.log"/>
         <property name="attachments" value="C:\\Users\\Galang S\\git\\Test-Automation-DOT\\Reports\\20230105_134948\\Login Facebook\\Login Positive Case Facebook\\20230105_134951\\1672901433843.png, C:\\Users\\Galang S\\git\\Test-Automation-DOT\\Reports\\20230105_134948\\Login Facebook\\Login Positive Case Facebook\\20230105_134951\\1672901439553.png, C:\\Users\\Galang S\\git\\Test-Automation-DOT\\Reports\\20230105_134948\\Login Facebook\\Login Positive Case Facebook\\20230105_134951\\1672901448426.png"/>
         <property name="hostName" value="Galang S - DESKTOP-D94OJ1M"/>
         <property name="os" value="Windows 10 64bit"/>
         <property name="katalonVersion" value="8.5.5.208"/>
         <property name="browser" value="Chrome 108.0.0.0"/>
         <property name="hostAddress" value="192.168.1.15"/>
         <property name="sessionId" value="cee82a61ff790bae42214875c1f3bef9"/>
         <property name="seleniumVersion" value="3.141.59"/>
         <property name="proxyInformation" value="ProxyInformation { proxyOption=NO_PROXY, proxyServerType=HTTP, username=, password=********, proxyServerAddress=, proxyServerPort=0, executionList=&quot;&quot;, isApplyToDesiredCapabilities=true }"/>
         <property name="platform" value="Windows 10"/>
      </properties>
      <testcase name="Test Cases/Go to Facebook" time="4.529" classname="Test Cases/Go to Facebook" status="PASSED">
         <system-out><![CDATA[2023-01-05 13:50:23 - [TEST_CASE][PASSED] - Test Cases/Go to Facebook: Test Cases/Go to Facebook

2023-01-05 13:50:24 - [TEST_STEP][PASSED] - openBrowser(""): Browser is opened with url: ''

2023-01-05 13:50:24 - [MESSAGE][INFO] - Starting 'Chrome' driver

2023-01-05 13:50:24 - [MESSAGE][INFO] - Action delay is set to 0 milliseconds

2023-01-05 13:50:26 - [MESSAGE][PASSED] - Browser is opened with url: ''

2023-01-05 13:50:26 - [TEST_STEP][PASSED] - navigateToUrl("https://www.facebook.com/"): Navigate to 'https://www.facebook.com/' successfully

2023-01-05 13:50:28 - [MESSAGE][PASSED] - Navigate to 'https://www.facebook.com/' successfully

2023-01-05 13:50:28 - [TEST_STEP][PASSED] - maximizeWindow(): Current window maximized

2023-01-05 13:50:28 - [MESSAGE][PASSED] - Current window maximized]]></system-out>
         <system-err><![CDATA[]]></system-err>
      </testcase>
      <testcase name="Test Cases/Login/Login Success" time="20.44" classname="Test Cases/Login/Login Success" status="PASSED">
         <system-out><![CDATA[2023-01-05 13:50:28 - [TEST_CASE][PASSED] - Test Cases/Login/Login Success: Test Cases/Login/Login Success

2023-01-05 13:50:28 - [TEST_STEP][PASSED] - focus(findTestObject("Page Login Facebook/Input Email")): Object: 'Object Repository/Page Login Facebook/Input Email' is focused

2023-01-05 13:50:29 - [MESSAGE][PASSED] - Object: 'Object Repository/Page Login Facebook/Input Email' is focused

2023-01-05 13:50:29 - [TEST_STEP][PASSED] - click(findTestObject("Page Login Facebook/Input Email")): Object: 'Object Repository/Page Login Facebook/Input Email' is clicked on

2023-01-05 13:50:29 - [MESSAGE][PASSED] - Object: 'Object Repository/Page Login Facebook/Input Email' is clicked on

2023-01-05 13:50:29 - [TEST_STEP][PASSED] - setText(findTestObject("Page Login Facebook/Input Email"), email): Text 'galangswibawa@yahoo.co.id' is set on object 'Object Repository/Page Login Facebook/Input Email'

2023-01-05 13:50:30 - [MESSAGE][PASSED] - Text 'galangswibawa@yahoo.co.id' is set on object 'Object Repository/Page Login Facebook/Input Email'

2023-01-05 13:50:30 - [TEST_STEP][PASSED] - delay(delaySlow): Delayed 3 second(s)

2023-01-05 13:50:33 - [MESSAGE][PASSED] - Delayed 3 second(s)

2023-01-05 13:50:33 - [TEST_STEP][PASSED] - takeScreenshot(): Taking screenshot successfully

2023-01-05 13:50:33 - [MESSAGE][PASSED] - Taking screenshot successfully
[[ATTACHMENT|C:\\Users\\Galang S\\git\\Test-Automation-DOT\\Reports\\20230105_134948\\Login Facebook\\Login Positive Case Facebook\\20230105_134951\\1672901433843.png]]

2023-01-05 13:50:33 - [TEST_STEP][PASSED] - focus(findTestObject("Page Login Facebook/Input Password")): Object: 'Object Repository/Page Login Facebook/Input Password' is focused

2023-01-05 13:50:34 - [MESSAGE][PASSED] - Object: 'Object Repository/Page Login Facebook/Input Password' is focused

2023-01-05 13:50:34 - [TEST_STEP][PASSED] - click(findTestObject("Page Login Facebook/Input Password")): Object: 'Object Repository/Page Login Facebook/Input Password' is clicked on

2023-01-05 13:50:34 - [MESSAGE][PASSED] - Object: 'Object Repository/Page Login Facebook/Input Password' is clicked on

2023-01-05 13:50:34 - [TEST_STEP][PASSED] - setText(findTestObject("Page Login Facebook/Input Password"), password): Text 'Rama.1234' is set on object 'Object Repository/Page Login Facebook/Input Password'

2023-01-05 13:50:35 - [MESSAGE][PASSED] - Text 'Rama.1234' is set on object 'Object Repository/Page Login Facebook/Input Password'

2023-01-05 13:50:35 - [TEST_STEP][PASSED] - click(findTestObject("Page Login Facebook/Show Password")): Object: 'Object Repository/Page Login Facebook/Show Password' is clicked on

2023-01-05 13:50:36 - [MESSAGE][PASSED] - Object: 'Object Repository/Page Login Facebook/Show Password' is clicked on

2023-01-05 13:50:36 - [TEST_STEP][PASSED] - delay(delaySlow): Delayed 3 second(s)

2023-01-05 13:50:39 - [MESSAGE][PASSED] - Delayed 3 second(s)

2023-01-05 13:50:39 - [TEST_STEP][PASSED] - takeScreenshot(): Taking screenshot successfully

2023-01-05 13:50:39 - [MESSAGE][PASSED] - Taking screenshot successfully
[[ATTACHMENT|C:\\Users\\Galang S\\git\\Test-Automation-DOT\\Reports\\20230105_134948\\Login Facebook\\Login Positive Case Facebook\\20230105_134951\\1672901439553.png]]

2023-01-05 13:50:39 - [TEST_STEP][PASSED] - click(findTestObject("Page Login Facebook/Button Login")): Object: 'Object Repository/Page Login Facebook/Button Login' is clicked on

2023-01-05 13:50:40 - [MESSAGE][PASSED] - Object: 'Object Repository/Page Login Facebook/Button Login' is clicked on

2023-01-05 13:50:40 - [TEST_STEP][PASSED] - delay(delaySlow): Delayed 3 second(s)

2023-01-05 13:50:43 - [MESSAGE][PASSED] - Delayed 3 second(s)

2023-01-05 13:50:43 - [TEST_STEP][PASSED] - takeScreenshot(): Taking screenshot successfully

2023-01-05 13:50:48 - [MESSAGE][PASSED] - Taking screenshot successfully
[[ATTACHMENT|C:\\Users\\Galang S\\git\\Test-Automation-DOT\\Reports\\20230105_134948\\Login Facebook\\Login Positive Case Facebook\\20230105_134951\\1672901448426.png]]]]></system-out>
         <system-err><![CDATA[]]></system-err>
      </testcase>
      <system-out><![CDATA[2023-01-05 13:50:23 - [TEST_SUITE][PASSED] - Login Positive Case Facebook: Test Cases/Login/Login Success]]></system-out>
      <system-err><![CDATA[]]></system-err>
   </testsuite>
</testsuites>
