<?xml version="1.0" encoding="UTF-8"?>
<testsuites name="Login Positive Case Facebook" time="22.938" tests="2" failures="0" errors="0">
   <testsuite name="Login Positive Case Facebook" tests="2" failures="0" errors="0" time="22.938" skipped="0" timestamp="2023-01-05 15:50:32" hostname="Galang S - DESKTOP-D94OJ1M" id="Test Suites/Login Facebook/Login Positive Case Facebook">
      <properties>
         <property name="deviceName" value=""/>
         <property name="devicePlatform" value=""/>
         <property name="logFolder" value="C:\\Users\\Galang S\\git\\Test-Automation-DOT\\Reports\\20230105_154955\\Login Facebook\\Login Positive Case Facebook\\20230105_154958"/>
         <property name="logFiles" value="C:\\Users\\Galang S\\git\\Test-Automation-DOT\\Reports\\20230105_154955\\Login Facebook\\Login Positive Case Facebook\\20230105_154958\\execution0.log"/>
         <property name="attachments" value="C:\\Users\\Galang S\\git\\Test-Automation-DOT\\Reports\\20230105_154955\\Login Facebook\\Login Positive Case Facebook\\20230105_154958\\1672908642653.png, C:\\Users\\Galang S\\git\\Test-Automation-DOT\\Reports\\20230105_154955\\Login Facebook\\Login Positive Case Facebook\\20230105_154958\\1672908648247.png, C:\\Users\\Galang S\\git\\Test-Automation-DOT\\Reports\\20230105_154955\\Login Facebook\\Login Positive Case Facebook\\20230105_154958\\1672908655124.png"/>
         <property name="hostName" value="Galang S - DESKTOP-D94OJ1M"/>
         <property name="os" value="Windows 10 64bit"/>
         <property name="katalonVersion" value="8.5.5.208"/>
         <property name="browser" value="Chrome 108.0.0.0"/>
         <property name="hostAddress" value="192.168.1.15"/>
         <property name="sessionId" value="0c498daf3cc79cecc3074ccaf10fdb4c"/>
         <property name="seleniumVersion" value="3.141.59"/>
         <property name="proxyInformation" value="ProxyInformation { proxyOption=NO_PROXY, proxyServerType=HTTP, username=, password=********, proxyServerAddress=, proxyServerPort=0, executionList=&quot;&quot;, isApplyToDesiredCapabilities=true }"/>
         <property name="platform" value="Windows 10"/>
      </properties>
      <testcase name="Test Cases/Go to Facebook" time="4.195" classname="Test Cases/Go to Facebook" status="PASSED">
         <system-out><![CDATA[2023-01-05 15:50:32 - [TEST_CASE][PASSED] - Test Cases/Go to Facebook: Test Cases/Go to Facebook

2023-01-05 15:50:33 - [TEST_STEP][PASSED] - openBrowser(""): Browser is opened with url: ''

2023-01-05 15:50:33 - [MESSAGE][INFO] - Starting 'Chrome' driver

2023-01-05 15:50:33 - [MESSAGE][INFO] - Action delay is set to 0 milliseconds

2023-01-05 15:50:35 - [MESSAGE][PASSED] - Browser is opened with url: ''

2023-01-05 15:50:35 - [TEST_STEP][PASSED] - navigateToUrl(url): Navigate to 'https://www.facebook.com/' successfully

2023-01-05 15:50:36 - [MESSAGE][PASSED] - Navigate to 'https://www.facebook.com/' successfully

2023-01-05 15:50:36 - [TEST_STEP][PASSED] - maximizeWindow(): Current window maximized

2023-01-05 15:50:36 - [MESSAGE][PASSED] - Current window maximized]]></system-out>
         <system-err><![CDATA[]]></system-err>
      </testcase>
      <testcase name="Test Cases/Login/Login Success" time="18.494" classname="Test Cases/Login/Login Success" status="PASSED">
         <system-out><![CDATA[2023-01-05 15:50:36 - [TEST_CASE][PASSED] - Test Cases/Login/Login Success: Test Cases/Login/Login Success

2023-01-05 15:50:37 - [TEST_STEP][PASSED] - focus(findTestObject("Page Login Facebook/Input Email")): Object: 'Object Repository/Page Login Facebook/Input Email' is focused

2023-01-05 15:50:37 - [MESSAGE][PASSED] - Object: 'Object Repository/Page Login Facebook/Input Email' is focused

2023-01-05 15:50:37 - [TEST_STEP][PASSED] - click(findTestObject("Page Login Facebook/Input Email")): Object: 'Object Repository/Page Login Facebook/Input Email' is clicked on

2023-01-05 15:50:38 - [MESSAGE][PASSED] - Object: 'Object Repository/Page Login Facebook/Input Email' is clicked on

2023-01-05 15:50:38 - [TEST_STEP][PASSED] - setText(findTestObject("Page Login Facebook/Input Email"), email): Text 'galangswibawa@yahoo.co.id' is set on object 'Object Repository/Page Login Facebook/Input Email'

2023-01-05 15:50:39 - [MESSAGE][PASSED] - Text 'galangswibawa@yahoo.co.id' is set on object 'Object Repository/Page Login Facebook/Input Email'

2023-01-05 15:50:39 - [TEST_STEP][PASSED] - delay(delaySlow): Delayed 3 second(s)

2023-01-05 15:50:42 - [MESSAGE][PASSED] - Delayed 3 second(s)

2023-01-05 15:50:42 - [TEST_STEP][PASSED] - takeScreenshot(): Taking screenshot successfully

2023-01-05 15:50:42 - [MESSAGE][PASSED] - Taking screenshot successfully
[[ATTACHMENT|C:\\Users\\Galang S\\git\\Test-Automation-DOT\\Reports\\20230105_154955\\Login Facebook\\Login Positive Case Facebook\\20230105_154958\\1672908642653.png]]

2023-01-05 15:50:42 - [TEST_STEP][PASSED] - focus(findTestObject("Page Login Facebook/Input Password")): Object: 'Object Repository/Page Login Facebook/Input Password' is focused

2023-01-05 15:50:43 - [MESSAGE][PASSED] - Object: 'Object Repository/Page Login Facebook/Input Password' is focused

2023-01-05 15:50:43 - [TEST_STEP][PASSED] - click(findTestObject("Page Login Facebook/Input Password")): Object: 'Object Repository/Page Login Facebook/Input Password' is clicked on

2023-01-05 15:50:43 - [MESSAGE][PASSED] - Object: 'Object Repository/Page Login Facebook/Input Password' is clicked on

2023-01-05 15:50:43 - [TEST_STEP][PASSED] - setText(findTestObject("Page Login Facebook/Input Password"), password): Text 'Rama.1234' is set on object 'Object Repository/Page Login Facebook/Input Password'

2023-01-05 15:50:44 - [MESSAGE][PASSED] - Text 'Rama.1234' is set on object 'Object Repository/Page Login Facebook/Input Password'

2023-01-05 15:50:44 - [TEST_STEP][PASSED] - click(findTestObject("Page Login Facebook/Show Password")): Object: 'Object Repository/Page Login Facebook/Show Password' is clicked on

2023-01-05 15:50:44 - [MESSAGE][PASSED] - Object: 'Object Repository/Page Login Facebook/Show Password' is clicked on

2023-01-05 15:50:44 - [TEST_STEP][PASSED] - delay(delaySlow): Delayed 3 second(s)

2023-01-05 15:50:47 - [MESSAGE][PASSED] - Delayed 3 second(s)

2023-01-05 15:50:47 - [TEST_STEP][PASSED] - takeScreenshot(): Taking screenshot successfully

2023-01-05 15:50:48 - [MESSAGE][PASSED] - Taking screenshot successfully
[[ATTACHMENT|C:\\Users\\Galang S\\git\\Test-Automation-DOT\\Reports\\20230105_154955\\Login Facebook\\Login Positive Case Facebook\\20230105_154958\\1672908648247.png]]

2023-01-05 15:50:48 - [TEST_STEP][PASSED] - click(findTestObject("Page Login Facebook/Button Login")): Object: 'Object Repository/Page Login Facebook/Button Login' is clicked on

2023-01-05 15:50:48 - [MESSAGE][PASSED] - Object: 'Object Repository/Page Login Facebook/Button Login' is clicked on

2023-01-05 15:50:48 - [TEST_STEP][PASSED] - delay(delaySlow): Delayed 3 second(s)

2023-01-05 15:50:51 - [MESSAGE][PASSED] - Delayed 3 second(s)

2023-01-05 15:50:51 - [TEST_STEP][PASSED] - takeScreenshot(): Taking screenshot successfully

2023-01-05 15:50:55 - [MESSAGE][PASSED] - Taking screenshot successfully
[[ATTACHMENT|C:\\Users\\Galang S\\git\\Test-Automation-DOT\\Reports\\20230105_154955\\Login Facebook\\Login Positive Case Facebook\\20230105_154958\\1672908655124.png]]]]></system-out>
         <system-err><![CDATA[]]></system-err>
      </testcase>
      <system-out><![CDATA[2023-01-05 15:50:32 - [TEST_SUITE][PASSED] - Login Positive Case Facebook: Test Cases/Login/Login Success]]></system-out>
      <system-err><![CDATA[]]></system-err>
   </testsuite>
</testsuites>
